Drill Listing
=============
Drill: .00984  Tool: 1  Feed: 0  Speed: 0
X 1973803  Y 1593211
X 1973903  Y 1583111
X 1974003  Y 1578411
X 1977103  Y 1594811
X 1977103  Y 1602511
X 1977303  Y 1581811
X 1980703  Y 1578211
X 1983403  Y 1601811
X 1985903  Y 1595911
X 1987303  Y 1586211
X 1988503  Y 1602811
X 1988703  Y 1578211
X 1993803  Y 1598411
X 1994503  Y 1593811
X 1994603  Y 1596111
X 1995003  Y 1600511
X 1995503  Y 1587411
X 1995703  Y 1591711
X 1996803  Y 1578411
X 2002803  Y 1596611
X 2002803  Y 1593611
X 2002903  Y 1599711
X 2002903  Y 1602811
X 2006003  Y 1599811
X 2006003  Y 1596811
X 2006003  Y 1593611
X 2006003  Y 1602811
X 2007303  Y 1578211
X 2009803  Y 1593611
X 2009903  Y 1599811
X 2009903  Y 1596711
X 2009903  Y 1602611
X 2013903  Y 1593611
X 2013903  Y 1596611
X 2013903  Y 1599411
X 2013903  Y 1602411
X 2015664  Y 1587439
X 2016303  Y 1578411
X 2017003  Y 1583311
X 2020303  Y 1583411
X 2020503  Y 1594711
X 2020703  Y 1601511
X 2023303  Y 1589403
X 2024003  Y 1583211
X 2024203  Y 1587403
X 2024803  Y 1578411
X 2031803  Y 1603103
X 2033303  Y 1578311
X 2034303  Y 1597511
X 2034303  Y 1592711
X 2034403  Y 1602311
X 2034403  Y 1606011
X 2034303  Y 1622611
X 2034203  Y 1612011
X 2034203  Y 1617011
X 2034103  Y 1625911
X 2031603  Y 1605003
X 2031503  Y 1616311
X 2030703  Y 1607403
X 2030703  Y 1625811
X 2028803  Y 1619411
X 2028703  Y 1623811
X 2026403  Y 1626011
X 2025703  Y 1619011
X 2023203  Y 1612403
X 2023103  Y 1619503
X 2022703  Y 1626011
X 2020203  Y 1623811
X 2019703  Y 1619211
X 2019103  Y 1616711
X 2017803  Y 1608411
X 2017503  Y 1625911
X 2015603  Y 1623711
X 2014003  Y 1605411
X 2013703  Y 1618811
X 2013003  Y 1625911
X 2012003  Y 1620111
X 2011303  Y 1623811
X 2010003  Y 1605411
X 2009803  Y 1612303
X 2008003  Y 1626111
X 2007903  Y 1624011
X 2007803  Y 1616211
X 2006003  Y 1605311
X 2005403  Y 1611611
X 2005003  Y 1618411
X 2003003  Y 1605311
X 2001603  Y 1625911
X 2001403  Y 1622811
X 2001403  Y 1612911
X 1999703  Y 1609711
X 1999003  Y 1619511
X 1998903  Y 1622311
X 1997803  Y 1608211
X 1996203  Y 1625911
X 1995803  Y 1604611
X 1995803  Y 1616011
X 1993403  Y 1615911
X 1991003  Y 1615911
X 1988803  Y 1623211
X 1987603  Y 1620311
X 1985603  Y 1625911
X 1984203  Y 1623111
X 1983403  Y 1607111
X 1981103  Y 1623011
X 1981103  Y 1619311
X 1978403  Y 1621411
X 1977203  Y 1606511
X 1976303  Y 1623411
X 1974303  Y 1625911
X 1973803  Y 1604911
X 1973403  Y 1629111
X 1977003  Y 1628811
X 1981103  Y 1628711
X 1987103  Y 1628811
X 1993303  Y 1628811
X 1998503  Y 1628811
X 2002603  Y 1628711
X 2024603  Y 1628711
X 2027303  Y 1628711
X 2029803  Y 1628611
X 2033903  Y 1628611

Drill: .02165  Tool: 2  Feed: 0  Speed: 0
X 1968503  Y 1596062
X 1968503  Y 1584251
X 1968503  Y 1578346
X 1968503  Y 1601968
X 1968503  Y 1590157
X 2039370  Y 1601968
X 2039370  Y 1578346
X 2039370  Y 1584251
X 2039370  Y 1590157
X 2039370  Y 1596062
X 2039370  Y 1619685
X 2039370  Y 1613779
X 2039370  Y 1607874
X 2039370  Y 1625590
X 1968503  Y 1613779
X 1968503  Y 1619685
X 1968503  Y 1607874
X 1968503  Y 1625590

End of Listing
